Using pre-set license
Built from '2021.3/staging' branch; Version is '2021.3.18f1 (3129e69bc0c7) revision 3221990'; Using compiler version '192829333'; Build Type 'Release'
OS: 'Windows 10  (10.0.19044) 64bit Core' Language: 'pt' Physical Memory: 16326 MB
BatchMode: 1, IsHumanControllingUs: 0, StartBugReporterOnCrash: 0, Is64bit: 1, IsPro: 1

COMMAND LINE ARGUMENTS:
D:\Unity\2021.3.18f1\Editor\Unity.exe
-adb2
-batchMode
-noUpm
-name
AssetImportWorker0
-projectPath
D:/Mundos Viurtuais/mundosvirtuais/PGMV
-logFile
Logs/AssetImportWorker0.log
-srvPort
54378
Successfully changed project path to: D:/Mundos Viurtuais/mundosvirtuais/PGMV
D:/Mundos Viurtuais/mundosvirtuais/PGMV
[UnityMemory] Configuration Parameters - Can be set up in boot.config
    "memorysetup-bucket-allocator-granularity=16"
    "memorysetup-bucket-allocator-bucket-count=8"
    "memorysetup-bucket-allocator-block-size=33554432"
    "memorysetup-bucket-allocator-block-count=8"
    "memorysetup-main-allocator-block-size=16777216"
    "memorysetup-thread-allocator-block-size=16777216"
    "memorysetup-gfx-main-allocator-block-size=16777216"
    "memorysetup-gfx-thread-allocator-block-size=16777216"
    "memorysetup-cache-allocator-block-size=4194304"
    "memorysetup-typetree-allocator-block-size=2097152"
    "memorysetup-profiler-bucket-allocator-granularity=16"
    "memorysetup-profiler-bucket-allocator-bucket-count=8"
    "memorysetup-profiler-bucket-allocator-block-size=33554432"
    "memorysetup-profiler-bucket-allocator-block-count=8"
    "memorysetup-profiler-allocator-block-size=16777216"
    "memorysetup-profiler-editor-allocator-block-size=1048576"
    "memorysetup-temp-allocator-size-main=16777216"
    "memorysetup-job-temp-allocator-block-size=2097152"
    "memorysetup-job-temp-allocator-block-size-background=1048576"
    "memorysetup-job-temp-allocator-reduction-small-platforms=262144"
    "memorysetup-temp-allocator-size-background-worker=32768"
    "memorysetup-temp-allocator-size-job-worker=262144"
    "memorysetup-temp-allocator-size-preload-manager=33554432"
    "memorysetup-temp-allocator-size-nav-mesh-worker=65536"
    "memorysetup-temp-allocator-size-audio-worker=65536"
    "memorysetup-temp-allocator-size-cloud-worker=32768"
    "memorysetup-temp-allocator-size-gi-baking-worker=262144"
    "memorysetup-temp-allocator-size-gfx=262144"
Player connection [7020] Host "[IP] 192.168.1.66 [Port] 0 [Flags] 2 [Guid] 2202384056 [EditorId] 2202384056 [Version] 1048832 [Id] WindowsEditor(7,Dimix-Desktop) [Debug] 1 [PackageName] WindowsEditor [ProjectName] Editor" joined multi-casting on [225.0.0.222:54997]...

Player connection [7020] Host "[IP] 192.168.1.66 [Port] 0 [Flags] 2 [Guid] 2202384056 [EditorId] 2202384056 [Version] 1048832 [Id] WindowsEditor(7,Dimix-Desktop) [Debug] 1 [PackageName] WindowsEditor [ProjectName] Editor" joined alternative multi-casting on [225.0.0.222:34997]...

Refreshing native plugins compatible for Editor in 86.24 ms, found 3 plugins.
Preloading 0 native plugins for Editor in 0.00 ms.
Initialize engine version: 2021.3.18f1 (3129e69bc0c7)
[Subsystems] Discovering subsystems at path D:/Unity/2021.3.18f1/Editor/Data/Resources/UnitySubsystems
[Subsystems] Discovering subsystems at path D:/Mundos Viurtuais/mundosvirtuais/PGMV/Assets
GfxDevice: creating device client; threaded=0; jobified=0
Direct3D:
    Version:  Direct3D 11.0 [level 11.1]
    Renderer: NVIDIA GeForce RTX 2070 (ID=0x1f07)
    Vendor:   NVIDIA
    VRAM:     8019 MB
    Driver:   31.0.15.3141
Initialize mono
Mono path[0] = 'D:/Unity/2021.3.18f1/Editor/Data/Managed'
Mono path[1] = 'D:/Unity/2021.3.18f1/Editor/Data/MonoBleedingEdge/lib/mono/unityjit-win32'
Mono config path = 'D:/Unity/2021.3.18f1/Editor/Data/MonoBleedingEdge/etc'
Using monoOptions --debugger-agent=transport=dt_socket,embedding=1,server=y,suspend=n,address=127.0.0.1:56676
Begin MonoManager ReloadAssembly
Registering precompiled unity dll's ...
Register platform support module: D:/Unity/2021.3.18f1/Editor/Data/PlaybackEngines/WindowsStandaloneSupport/UnityEditor.WindowsStandalone.Extensions.dll
Registered in 0.002668 seconds.
Native extension for WindowsStandalone target not found
Refreshing native plugins compatible for Editor in 84.72 ms, found 3 plugins.
Preloading 0 native plugins for Editor in 0.00 ms.
Mono: successfully reloaded assembly
- Completed reload, in  0.637 seconds
Domain Reload Profiling:
	ReloadAssembly (637ms)
		BeginReloadAssembly (86ms)
			ExecutionOrderSort (0ms)
			DisableScriptedObjects (0ms)
			BackupInstance (0ms)
			ReleaseScriptingObjects (0ms)
			CreateAndSetChildDomain (1ms)
		EndReloadAssembly (451ms)
			LoadAssemblies (86ms)
			RebuildTransferFunctionScriptingTraits (0ms)
			SetupTypeCache (105ms)
			ReleaseScriptCaches (0ms)
			RebuildScriptCaches (27ms)
			SetupLoadedEditorAssemblies (273ms)
				LogAssemblyErrors (0ms)
				InitializePlatformSupportModulesInManaged (6ms)
				SetLoadedEditorAssemblies (0ms)
				RefreshPlugins (85ms)
				BeforeProcessingInitializeOnLoad (1ms)
				ProcessInitializeOnLoadAttributes (138ms)
				ProcessInitializeOnLoadMethodAttributes (43ms)
				AfterProcessingInitializeOnLoad (0ms)
				EditorAssembliesLoaded (0ms)
			ExecutionOrderSort2 (0ms)
			AwakeInstancesAfterBackupRestoration (0ms)
Platform modules already initialized, skipping
Registering precompiled user dll's ...
Registered in 0.005056 seconds.
Begin MonoManager ReloadAssembly
Symbol file LoadedFromMemory doesn't match image D:\Mundos Viurtuais\mundosvirtuais\PGMV\Library\PackageCache\com.unity.visualscripting@1.8.0\Editor\VisualScripting.Core\Dependencies\YamlDotNet\Unity.VisualScripting.YamlDotNet.dll
Symbol file LoadedFromMemory doesn't match image D:\Mundos Viurtuais\mundosvirtuais\PGMV\Library\PackageCache\com.unity.visualscripting@1.8.0\Editor\VisualScripting.Core\Dependencies\DotNetZip\Unity.VisualScripting.IonicZip.dll
Native extension for WindowsStandalone target not found
Refreshing native plugins compatible for Editor in 84.84 ms, found 3 plugins.
Preloading 0 native plugins for Editor in 0.00 ms.
Mono: successfully reloaded assembly
- Completed reload, in  1.129 seconds
Domain Reload Profiling:
	ReloadAssembly (1130ms)
		BeginReloadAssembly (118ms)
			ExecutionOrderSort (0ms)
			DisableScriptedObjects (6ms)
			BackupInstance (0ms)
			ReleaseScriptingObjects (0ms)
			CreateAndSetChildDomain (17ms)
		EndReloadAssembly (906ms)
			LoadAssemblies (99ms)
			RebuildTransferFunctionScriptingTraits (0ms)
			SetupTypeCache (262ms)
			ReleaseScriptCaches (1ms)
			RebuildScriptCaches (50ms)
			SetupLoadedEditorAssemblies (474ms)
				LogAssemblyErrors (0ms)
				InitializePlatformSupportModulesInManaged (3ms)
				SetLoadedEditorAssemblies (0ms)
				RefreshPlugins (85ms)
				BeforeProcessingInitializeOnLoad (83ms)
				ProcessInitializeOnLoadAttributes (284ms)
				ProcessInitializeOnLoadMethodAttributes (15ms)
				AfterProcessingInitializeOnLoad (3ms)
				EditorAssembliesLoaded (0ms)
			ExecutionOrderSort2 (0ms)
			AwakeInstancesAfterBackupRestoration (6ms)
Platform modules already initialized, skipping
========================================================================
Worker process is ready to serve import requests
Launched and connected shader compiler UnityShaderCompiler.exe after 0.09 seconds
Refreshing native plugins compatible for Editor in 0.47 ms, found 3 plugins.
Preloading 0 native plugins for Editor in 0.00 ms.
Unloading 3611 Unused Serialized files (Serialized files now loaded: 0)
Unloading 47 unused Assets / (1.6 MB). Loaded Objects now: 4086.
Memory consumption went from 151.4 MB to 149.8 MB.
Total: 2.853100 ms (FindLiveObjects: 0.237700 ms CreateObjectMapping: 0.182600 ms MarkObjects: 2.135500 ms  DeleteObjects: 0.296200 ms)

AssetImportParameters requested are different than current active one (requested -> active):
  custom:video-decoder-ogg-theora: a1e56fd34408186e4bbccfd4996cb3dc -> 
  custom:container-muxer-webm: aa71ff27fc2769a1b78a27578f13a17b -> 
  custom:container-demuxer-webm: 4f35f7cbe854078d1ac9338744f61a02 -> 
  custom:video-encoder-webm-vp8: eb34c28f22e8b96e1ab97ce403110664 -> 
  custom:video-codec-MediaFoundation-h265: 746d11721c4dcdbdad8f713fa42b33f4 -> 
  custom:audio-encoder-webm-vorbis: bf7c407c2cedff20999df2af8eb42d56 -> 
  custom:framework-win-MediaFoundation: 216162199b28c13a410421893ffa2e32 -> 
  custom:container-demuxer-ogg: 62fdf1f143b41e24485cea50d1cbac27 -> 
  custom:video-decoder-webm-vp8: 9c59270c3fd7afecdb556c50c9e8de78 -> 
  custom:audio-decoder-ogg-vorbis: bf7c407c2cedff20999df2af8eb42d56 -> 
========================================================================
Received Import Request.
  Time since last request: 21146.825812 seconds.
  path: Assets/HDRPDefaultResources
  artifactKey: Guid(89286f633af9b794a8e1f6074d959b44) Importer(815301076,1909f56bfc062723c751e8b465ee728b)
Start importing Assets/HDRPDefaultResources using Guid(89286f633af9b794a8e1f6074d959b44) Importer(815301076,1909f56bfc062723c751e8b465ee728b)  -> (artifact id: '759ea90620c9a81f8cf57f9e07c88db3') in 0.009656 seconds 
========================================================================
Received Prepare
Registering precompiled user dll's ...
Registered in 0.005034 seconds.
Begin MonoManager ReloadAssembly
Symbol file LoadedFromMemory doesn't match image D:\Mundos Viurtuais\mundosvirtuais\PGMV\Library\PackageCache\com.unity.visualscripting@1.8.0\Editor\VisualScripting.Core\Dependencies\YamlDotNet\Unity.VisualScripting.YamlDotNet.dll
Symbol file LoadedFromMemory doesn't match image D:\Mundos Viurtuais\mundosvirtuais\PGMV\Library\PackageCache\com.unity.visualscripting@1.8.0\Editor\VisualScripting.Core\Dependencies\DotNetZip\Unity.VisualScripting.IonicZip.dll
Native extension for WindowsStandalone target not found
Refreshing native plugins compatible for Editor in 0.50 ms, found 3 plugins.
Preloading 0 native plugins for Editor in 0.00 ms.
Mono: successfully reloaded assembly
- Completed reload, in  1.053 seconds
Domain Reload Profiling:
	ReloadAssembly (1053ms)
		BeginReloadAssembly (165ms)
			ExecutionOrderSort (0ms)
			DisableScriptedObjects (6ms)
			BackupInstance (0ms)
			ReleaseScriptingObjects (0ms)
			CreateAndSetChildDomain (30ms)
		EndReloadAssembly (801ms)
			LoadAssemblies (98ms)
			RebuildTransferFunctionScriptingTraits (0ms)
			SetupTypeCache (252ms)
			ReleaseScriptCaches (1ms)
			RebuildScriptCaches (40ms)
			SetupLoadedEditorAssemblies (388ms)
				LogAssemblyErrors (0ms)
				InitializePlatformSupportModulesInManaged (11ms)
				SetLoadedEditorAssemblies (0ms)
				RefreshPlugins (1ms)
				BeforeProcessingInitializeOnLoad (61ms)
				ProcessInitializeOnLoadAttributes (289ms)
				ProcessInitializeOnLoadMethodAttributes (22ms)
				AfterProcessingInitializeOnLoad (4ms)
				EditorAssembliesLoaded (0ms)
			ExecutionOrderSort2 (0ms)
			AwakeInstancesAfterBackupRestoration (8ms)
Platform modules already initialized, skipping
Refreshing native plugins compatible for Editor in 1.45 ms, found 3 plugins.
Preloading 0 native plugins for Editor in 0.00 ms.
Unloading 3557 Unused Serialized files (Serialized files now loaded: 0)
Unloading 32 unused Assets / (2.3 MB). Loaded Objects now: 4092.
Memory consumption went from 146.4 MB to 144.1 MB.
Total: 3.432400 ms (FindLiveObjects: 0.221100 ms CreateObjectMapping: 0.156700 ms MarkObjects: 2.639100 ms  DeleteObjects: 0.414400 ms)

AssetImportParameters requested are different than current active one (requested -> active):
  custom:video-decoder-ogg-theora: a1e56fd34408186e4bbccfd4996cb3dc -> 
  custom:container-muxer-webm: aa71ff27fc2769a1b78a27578f13a17b -> 
  custom:container-demuxer-webm: 4f35f7cbe854078d1ac9338744f61a02 -> 
  custom:video-encoder-webm-vp8: eb34c28f22e8b96e1ab97ce403110664 -> 
  custom:video-codec-MediaFoundation-h265: 746d11721c4dcdbdad8f713fa42b33f4 -> 
  custom:audio-encoder-webm-vorbis: bf7c407c2cedff20999df2af8eb42d56 -> 
  custom:framework-win-MediaFoundation: 216162199b28c13a410421893ffa2e32 -> 
  custom:container-demuxer-ogg: 62fdf1f143b41e24485cea50d1cbac27 -> 
  custom:video-decoder-webm-vp8: 9c59270c3fd7afecdb556c50c9e8de78 -> 
  custom:audio-decoder-ogg-vorbis: bf7c407c2cedff20999df2af8eb42d56 -> 
========================================================================
Received Import Request.
  Time since last request: 97.489553 seconds.
  path: Assets/AQUAS-Lite
  artifactKey: Guid(653d1a168f3103e49b45c08d8b42166a) Importer(815301076,1909f56bfc062723c751e8b465ee728b)
Start importing Assets/AQUAS-Lite using Guid(653d1a168f3103e49b45c08d8b42166a) Importer(815301076,1909f56bfc062723c751e8b465ee728b)  -> (artifact id: 'c626779d5fd1775975e1430b9ffca74f') in 0.013041 seconds 
========================================================================
Received Import Request.
  Time since last request: 1.587929 seconds.
  path: Assets/AQUAS-Lite/Prefabs
  artifactKey: Guid(ef4b7651d6eedba409e2f211f0dff24b) Importer(815301076,1909f56bfc062723c751e8b465ee728b)
Start importing Assets/AQUAS-Lite/Prefabs using Guid(ef4b7651d6eedba409e2f211f0dff24b) Importer(815301076,1909f56bfc062723c751e8b465ee728b)  -> (artifact id: '5c5b54a9a252bb358c40c4d5155c7120') in 0.006240 seconds 
========================================================================
Received Import Request.
  Time since last request: 0.061982 seconds.
  path: Assets/AQUAS-Lite/Prefabs/WaterPlane.prefab
  artifactKey: Guid(6488b6e6bbe8a9c4585b531a71d8211c) Importer(815301076,1909f56bfc062723c751e8b465ee728b)
Start importing Assets/AQUAS-Lite/Prefabs/WaterPlane.prefab using Guid(6488b6e6bbe8a9c4585b531a71d8211c) Importer(815301076,1909f56bfc062723c751e8b465ee728b)  -> (artifact id: 'cec48310fcb6802a513819f18843dc66') in 0.639923 seconds 
========================================================================
Received Import Request.
  Time since last request: 194.382110 seconds.
  path: Assets/AQUAS-Lite/Textures/Waves_HiRes.png
  artifactKey: Guid(0d05b23ea2d999b47825c6c522e25adc) Importer(815301076,1909f56bfc062723c751e8b465ee728b)
Start importing Assets/AQUAS-Lite/Textures/Waves_HiRes.png using Guid(0d05b23ea2d999b47825c6c522e25adc) Importer(815301076,1909f56bfc062723c751e8b465ee728b)  -> (artifact id: '93c6344253a0aec2d51107e549584863') in 0.088346 seconds 
========================================================================
Received Import Request.
  Time since last request: 0.000017 seconds.
  path: Assets/AQUAS-Lite/Textures/AQUAS_Foam.jpg
  artifactKey: Guid(6cb123095ca4b4e4680773312ba1c076) Importer(815301076,1909f56bfc062723c751e8b465ee728b)
Start importing Assets/AQUAS-Lite/Textures/AQUAS_Foam.jpg using Guid(6cb123095ca4b4e4680773312ba1c076) Importer(815301076,1909f56bfc062723c751e8b465ee728b)  -> (artifact id: '3e566413d340f47a36b1203e40ac2eee') in 0.012667 seconds 
========================================================================
Received Prepare
Registering precompiled user dll's ...
Registered in 0.004868 seconds.
Begin MonoManager ReloadAssembly
Symbol file LoadedFromMemory doesn't match image D:\Mundos Viurtuais\mundosvirtuais\PGMV\Library\PackageCache\com.unity.visualscripting@1.8.0\Editor\VisualScripting.Core\Dependencies\YamlDotNet\Unity.VisualScripting.YamlDotNet.dll
Symbol file LoadedFromMemory doesn't match image D:\Mundos Viurtuais\mundosvirtuais\PGMV\Library\PackageCache\com.unity.visualscripting@1.8.0\Editor\VisualScripting.Core\Dependencies\DotNetZip\Unity.VisualScripting.IonicZip.dll
Native extension for WindowsStandalone target not found
Refreshing native plugins compatible for Editor in 0.53 ms, found 3 plugins.
Preloading 0 native plugins for Editor in 0.00 ms.
Mono: successfully reloaded assembly
- Completed reload, in  1.091 seconds
Domain Reload Profiling:
	ReloadAssembly (1092ms)
		BeginReloadAssembly (138ms)
			ExecutionOrderSort (0ms)
			DisableScriptedObjects (5ms)
			BackupInstance (0ms)
			ReleaseScriptingObjects (0ms)
			CreateAndSetChildDomain (32ms)
		EndReloadAssembly (867ms)
			LoadAssemblies (100ms)
			RebuildTransferFunctionScriptingTraits (0ms)
			SetupTypeCache (287ms)
			ReleaseScriptCaches (1ms)
			RebuildScriptCaches (46ms)
			SetupLoadedEditorAssemblies (403ms)
				LogAssemblyErrors (0ms)
				InitializePlatformSupportModulesInManaged (12ms)
				SetLoadedEditorAssemblies (0ms)
				RefreshPlugins (1ms)
				BeforeProcessingInitializeOnLoad (71ms)
				ProcessInitializeOnLoadAttributes (298ms)
				ProcessInitializeOnLoadMethodAttributes (19ms)
				AfterProcessingInitializeOnLoad (3ms)
				EditorAssembliesLoaded (0ms)
			ExecutionOrderSort2 (0ms)
			AwakeInstancesAfterBackupRestoration (7ms)
Platform modules already initialized, skipping
Refreshing native plugins compatible for Editor in 1.70 ms, found 3 plugins.
Preloading 0 native plugins for Editor in 0.00 ms.
Unloading 3557 Unused Serialized files (Serialized files now loaded: 0)
Unloading 30 unused Assets / (1.6 MB). Loaded Objects now: 4110.
Memory consumption went from 150.9 MB to 149.3 MB.
Total: 3.200100 ms (FindLiveObjects: 0.224100 ms CreateObjectMapping: 0.187200 ms MarkObjects: 2.493900 ms  DeleteObjects: 0.294000 ms)

AssetImportParameters requested are different than current active one (requested -> active):
  custom:video-decoder-ogg-theora: a1e56fd34408186e4bbccfd4996cb3dc -> 
  custom:container-muxer-webm: aa71ff27fc2769a1b78a27578f13a17b -> 
  custom:container-demuxer-webm: 4f35f7cbe854078d1ac9338744f61a02 -> 
  custom:video-encoder-webm-vp8: eb34c28f22e8b96e1ab97ce403110664 -> 
  custom:video-codec-MediaFoundation-h265: 746d11721c4dcdbdad8f713fa42b33f4 -> 
  custom:audio-encoder-webm-vorbis: bf7c407c2cedff20999df2af8eb42d56 -> 
  custom:framework-win-MediaFoundation: 216162199b28c13a410421893ffa2e32 -> 
  custom:container-demuxer-ogg: 62fdf1f143b41e24485cea50d1cbac27 -> 
  custom:video-decoder-webm-vp8: 9c59270c3fd7afecdb556c50c9e8de78 -> 
  custom:audio-decoder-ogg-vorbis: bf7c407c2cedff20999df2af8eb42d56 -> 
========================================================================
Received Prepare
Registering precompiled user dll's ...
Registered in 0.004825 seconds.
Begin MonoManager ReloadAssembly
Symbol file LoadedFromMemory doesn't match image D:\Mundos Viurtuais\mundosvirtuais\PGMV\Library\PackageCache\com.unity.visualscripting@1.8.0\Editor\VisualScripting.Core\Dependencies\YamlDotNet\Unity.VisualScripting.YamlDotNet.dll
Symbol file LoadedFromMemory doesn't match image D:\Mundos Viurtuais\mundosvirtuais\PGMV\Library\PackageCache\com.unity.visualscripting@1.8.0\Editor\VisualScripting.Core\Dependencies\DotNetZip\Unity.VisualScripting.IonicZip.dll
Native extension for WindowsStandalone target not found
Refreshing native plugins compatible for Editor in 0.56 ms, found 3 plugins.
Preloading 0 native plugins for Editor in 0.00 ms.
Mono: successfully reloaded assembly
- Completed reload, in  1.084 seconds
Domain Reload Profiling:
	ReloadAssembly (1084ms)
		BeginReloadAssembly (138ms)
			ExecutionOrderSort (0ms)
			DisableScriptedObjects (5ms)
			BackupInstance (0ms)
			ReleaseScriptingObjects (0ms)
			CreateAndSetChildDomain (32ms)
		EndReloadAssembly (859ms)
			LoadAssemblies (97ms)
			RebuildTransferFunctionScriptingTraits (0ms)
			SetupTypeCache (278ms)
			ReleaseScriptCaches (1ms)
			RebuildScriptCaches (51ms)
			SetupLoadedEditorAssemblies (404ms)
				LogAssemblyErrors (0ms)
				InitializePlatformSupportModulesInManaged (13ms)
				SetLoadedEditorAssemblies (1ms)
				RefreshPlugins (1ms)
				BeforeProcessingInitializeOnLoad (70ms)
				ProcessInitializeOnLoadAttributes (298ms)
				ProcessInitializeOnLoadMethodAttributes (19ms)
				AfterProcessingInitializeOnLoad (3ms)
				EditorAssembliesLoaded (0ms)
			ExecutionOrderSort2 (0ms)
			AwakeInstancesAfterBackupRestoration (7ms)
Platform modules already initialized, skipping
Refreshing native plugins compatible for Editor in 1.80 ms, found 3 plugins.
Preloading 0 native plugins for Editor in 0.00 ms.
Unloading 3555 Unused Serialized files (Serialized files now loaded: 0)
Unloading 30 unused Assets / (1.6 MB). Loaded Objects now: 4113.
Memory consumption went from 150.7 MB to 149.1 MB.
Total: 2.865600 ms (FindLiveObjects: 0.252400 ms CreateObjectMapping: 0.163800 ms MarkObjects: 2.122000 ms  DeleteObjects: 0.326500 ms)

AssetImportParameters requested are different than current active one (requested -> active):
  custom:video-decoder-ogg-theora: a1e56fd34408186e4bbccfd4996cb3dc -> 
  custom:container-muxer-webm: aa71ff27fc2769a1b78a27578f13a17b -> 
  custom:container-demuxer-webm: 4f35f7cbe854078d1ac9338744f61a02 -> 
  custom:video-encoder-webm-vp8: eb34c28f22e8b96e1ab97ce403110664 -> 
  custom:video-codec-MediaFoundation-h265: 746d11721c4dcdbdad8f713fa42b33f4 -> 
  custom:audio-encoder-webm-vorbis: bf7c407c2cedff20999df2af8eb42d56 -> 
  custom:framework-win-MediaFoundation: 216162199b28c13a410421893ffa2e32 -> 
  custom:container-demuxer-ogg: 62fdf1f143b41e24485cea50d1cbac27 -> 
  custom:video-decoder-webm-vp8: 9c59270c3fd7afecdb556c50c9e8de78 -> 
  custom:audio-decoder-ogg-vorbis: bf7c407c2cedff20999df2af8eb42d56 -> 
========================================================================
Received Prepare
Registering precompiled user dll's ...
Registered in 0.004889 seconds.
Begin MonoManager ReloadAssembly
Symbol file LoadedFromMemory doesn't match image D:\Mundos Viurtuais\mundosvirtuais\PGMV\Library\PackageCache\com.unity.visualscripting@1.8.0\Editor\VisualScripting.Core\Dependencies\YamlDotNet\Unity.VisualScripting.YamlDotNet.dll
Symbol file LoadedFromMemory doesn't match image D:\Mundos Viurtuais\mundosvirtuais\PGMV\Library\PackageCache\com.unity.visualscripting@1.8.0\Editor\VisualScripting.Core\Dependencies\DotNetZip\Unity.VisualScripting.IonicZip.dll
Native extension for WindowsStandalone target not found
Refreshing native plugins compatible for Editor in 0.54 ms, found 3 plugins.
Preloading 0 native plugins for Editor in 0.00 ms.
Mono: successfully reloaded assembly
- Completed reload, in  1.131 seconds
Domain Reload Profiling:
	ReloadAssembly (1132ms)
		BeginReloadAssembly (137ms)
			ExecutionOrderSort (0ms)
			DisableScriptedObjects (5ms)
			BackupInstance (0ms)
			ReleaseScriptingObjects (0ms)
			CreateAndSetChildDomain (29ms)
		EndReloadAssembly (905ms)
			LoadAssemblies (100ms)
			RebuildTransferFunctionScriptingTraits (0ms)
			SetupTypeCache (326ms)
			ReleaseScriptCaches (1ms)
			RebuildScriptCaches (47ms)
			SetupLoadedEditorAssemblies (402ms)
				LogAssemblyErrors (0ms)
				InitializePlatformSupportModulesInManaged (13ms)
				SetLoadedEditorAssemblies (0ms)
				RefreshPlugins (1ms)
				BeforeProcessingInitializeOnLoad (69ms)
				ProcessInitializeOnLoadAttributes (297ms)
				ProcessInitializeOnLoadMethodAttributes (19ms)
				AfterProcessingInitializeOnLoad (3ms)
				EditorAssembliesLoaded (0ms)
			ExecutionOrderSort2 (0ms)
			AwakeInstancesAfterBackupRestoration (7ms)
Platform modules already initialized, skipping
Refreshing native plugins compatible for Editor in 1.70 ms, found 3 plugins.
Preloading 0 native plugins for Editor in 0.00 ms.
Unloading 3555 Unused Serialized files (Serialized files now loaded: 0)
Unloading 30 unused Assets / (1.6 MB). Loaded Objects now: 4116.
Memory consumption went from 150.7 MB to 149.1 MB.
Total: 3.080100 ms (FindLiveObjects: 0.232000 ms CreateObjectMapping: 0.204200 ms MarkObjects: 2.206800 ms  DeleteObjects: 0.436200 ms)

AssetImportParameters requested are different than current active one (requested -> active):
  custom:video-decoder-ogg-theora: a1e56fd34408186e4bbccfd4996cb3dc -> 
  custom:container-muxer-webm: aa71ff27fc2769a1b78a27578f13a17b -> 
  custom:container-demuxer-webm: 4f35f7cbe854078d1ac9338744f61a02 -> 
  custom:video-encoder-webm-vp8: eb34c28f22e8b96e1ab97ce403110664 -> 
  custom:video-codec-MediaFoundation-h265: 746d11721c4dcdbdad8f713fa42b33f4 -> 
  custom:audio-encoder-webm-vorbis: bf7c407c2cedff20999df2af8eb42d56 -> 
  custom:framework-win-MediaFoundation: 216162199b28c13a410421893ffa2e32 -> 
  custom:container-demuxer-ogg: 62fdf1f143b41e24485cea50d1cbac27 -> 
  custom:video-decoder-webm-vp8: 9c59270c3fd7afecdb556c50c9e8de78 -> 
  custom:audio-decoder-ogg-vorbis: bf7c407c2cedff20999df2af8eb42d56 -> 
========================================================================
Received Import Request.
  Time since last request: 679.311066 seconds.
  path: Assets/AQUAS-Lite/Materials
  artifactKey: Guid(bf37ea52eb1ccfc45bad29c19f5cd7f3) Importer(815301076,1909f56bfc062723c751e8b465ee728b)
Start importing Assets/AQUAS-Lite/Materials using Guid(bf37ea52eb1ccfc45bad29c19f5cd7f3) Importer(815301076,1909f56bfc062723c751e8b465ee728b)  -> (artifact id: '9a4b86f41a320a29dbde2aa107eb51b8') in 0.020106 seconds 
========================================================================
Received Import Request.
  Time since last request: 0.041640 seconds.
  path: Assets/AQUAS-Lite/Materials/AQUAS_Lite_Water_Backface.mat
  artifactKey: Guid(6363f60797ab0fb49b1ff852b0978304) Importer(815301076,1909f56bfc062723c751e8b465ee728b)
Start importing Assets/AQUAS-Lite/Materials/AQUAS_Lite_Water_Backface.mat using Guid(6363f60797ab0fb49b1ff852b0978304) Importer(815301076,1909f56bfc062723c751e8b465ee728b)  -> (artifact id: 'fcd3cde0a5b815dc4a51e955ff72e5dd') in 0.084521 seconds 
========================================================================
Received Import Request.
  Time since last request: 4.630841 seconds.
  path: Assets/AQUAS-Lite/Demo
  artifactKey: Guid(e6fcf26c014583945bae4c6407125469) Importer(815301076,1909f56bfc062723c751e8b465ee728b)
Start importing Assets/AQUAS-Lite/Demo using Guid(e6fcf26c014583945bae4c6407125469) Importer(815301076,1909f56bfc062723c751e8b465ee728b)  -> (artifact id: '5bf3d3d3ca024f35e87317dd752ed764') in 0.006404 seconds 
========================================================================
Received Import Request.
  Time since last request: 0.058363 seconds.
  path: Assets/AQUAS-Lite/Demo/ALiteDemoTerrain.asset
  artifactKey: Guid(9a203924af969ff4e9e93eb1129c14a9) Importer(815301076,1909f56bfc062723c751e8b465ee728b)
Start importing Assets/AQUAS-Lite/Demo/ALiteDemoTerrain.asset using Guid(9a203924af969ff4e9e93eb1129c14a9) Importer(815301076,1909f56bfc062723c751e8b465ee728b)  -> (artifact id: '2b46da3be5a11de709fd84493f076453') in 0.158523 seconds 
========================================================================
Received Import Request.
  Time since last request: 0.764865 seconds.
  path: Assets/AQUAS-Lite/Demo/Textures
  artifactKey: Guid(b28c0a722f0fe1543baf3917170e3a6d) Importer(815301076,1909f56bfc062723c751e8b465ee728b)
Start importing Assets/AQUAS-Lite/Demo/Textures using Guid(b28c0a722f0fe1543baf3917170e3a6d) Importer(815301076,1909f56bfc062723c751e8b465ee728b)  -> (artifact id: '8a8d26db1cbc6c15e14574a5fa6156da') in 0.005977 seconds 
========================================================================
Received Import Request.
  Time since last request: 0.042015 seconds.
  path: Assets/AQUAS-Lite/Demo/Textures/Cliffs.jpg
  artifactKey: Guid(ea2cf029f996b84418c75102c55065fc) Importer(815301076,1909f56bfc062723c751e8b465ee728b)
Start importing Assets/AQUAS-Lite/Demo/Textures/Cliffs.jpg using Guid(ea2cf029f996b84418c75102c55065fc) Importer(815301076,1909f56bfc062723c751e8b465ee728b)  -> (artifact id: '835535397692a30007e4ab9eb85e86cf') in 0.025620 seconds 
========================================================================
Received Import Request.
  Time since last request: 0.000017 seconds.
  path: Assets/AQUAS-Lite/Demo/Textures/Gravel_normal.jpg
  artifactKey: Guid(83aafc05457cf62498959bba131b4ee2) Importer(815301076,1909f56bfc062723c751e8b465ee728b)
Start importing Assets/AQUAS-Lite/Demo/Textures/Gravel_normal.jpg using Guid(83aafc05457cf62498959bba131b4ee2) Importer(815301076,1909f56bfc062723c751e8b465ee728b)  -> (artifact id: 'b19936a859ff9241d665d6bf287fa7d5') in 0.014772 seconds 
========================================================================
Received Import Request.
  Time since last request: 0.000025 seconds.
  path: Assets/AQUAS-Lite/Demo/Textures/RockGrassy.jpg
  artifactKey: Guid(d64e707b7eb5d144fa11d381b14d1fa1) Importer(815301076,1909f56bfc062723c751e8b465ee728b)
Start importing Assets/AQUAS-Lite/Demo/Textures/RockGrassy.jpg using Guid(d64e707b7eb5d144fa11d381b14d1fa1) Importer(815301076,1909f56bfc062723c751e8b465ee728b)  -> (artifact id: '5ba8023ebaa8bbc205ee280afdc7c937') in 0.011441 seconds 
========================================================================
Received Import Request.
  Time since last request: 0.000017 seconds.
  path: Assets/AQUAS-Lite/Demo/Textures/RockGrassy_normal.jpg
  artifactKey: Guid(e0deaff0e88983949ad2c760894c6590) Importer(815301076,1909f56bfc062723c751e8b465ee728b)
Start importing Assets/AQUAS-Lite/Demo/Textures/RockGrassy_normal.jpg using Guid(e0deaff0e88983949ad2c760894c6590) Importer(815301076,1909f56bfc062723c751e8b465ee728b)  -> (artifact id: '46ea8eeed4c619d7aba5cee481f1f61b') in 0.013026 seconds 
========================================================================
Received Import Request.
  Time since last request: 0.000013 seconds.
  path: Assets/AQUAS-Lite/Demo/Textures/Grass.jpg
  artifactKey: Guid(34429bd1432eead4281c991a7f86aec7) Importer(815301076,1909f56bfc062723c751e8b465ee728b)
Start importing Assets/AQUAS-Lite/Demo/Textures/Grass.jpg using Guid(34429bd1432eead4281c991a7f86aec7) Importer(815301076,1909f56bfc062723c751e8b465ee728b)  -> (artifact id: 'a0dd10e9345d1c65f68fb26c6e0ea293') in 0.011359 seconds 
========================================================================
Received Import Request.
  Time since last request: 0.000017 seconds.
  path: Assets/AQUAS-Lite/Demo/Textures/Gravel.jpg
  artifactKey: Guid(fe4e2613219b2654c82dd59079667fe6) Importer(815301076,1909f56bfc062723c751e8b465ee728b)
Start importing Assets/AQUAS-Lite/Demo/Textures/Gravel.jpg using Guid(fe4e2613219b2654c82dd59079667fe6) Importer(815301076,1909f56bfc062723c751e8b465ee728b)  -> (artifact id: '995724ca6a9724735c804e43711922a2') in 0.015163 seconds 
========================================================================
Received Import Request.
  Time since last request: 0.000013 seconds.
  path: Assets/AQUAS-Lite/Demo/Textures/Cliffs_normal.jpg
  artifactKey: Guid(5e2137d62de0b4846ac0dd23bc393af0) Importer(815301076,1909f56bfc062723c751e8b465ee728b)
Start importing Assets/AQUAS-Lite/Demo/Textures/Cliffs_normal.jpg using Guid(5e2137d62de0b4846ac0dd23bc393af0) Importer(815301076,1909f56bfc062723c751e8b465ee728b)  -> (artifact id: 'c9053f98027759b58f96e14a38741356') in 0.011991 seconds 
========================================================================
Received Import Request.
  Time since last request: 0.000017 seconds.
  path: Assets/AQUAS-Lite/Demo/Textures/Grass_normal.jpg
  artifactKey: Guid(90b846a0f2d470248a7f4e706a1ef73a) Importer(815301076,1909f56bfc062723c751e8b465ee728b)
Start importing Assets/AQUAS-Lite/Demo/Textures/Grass_normal.jpg using Guid(90b846a0f2d470248a7f4e706a1ef73a) Importer(815301076,1909f56bfc062723c751e8b465ee728b)  -> (artifact id: 'e335a35882510c94e6be7c62dcc3163a') in 0.013181 seconds 
========================================================================
Received Prepare
Registering precompiled user dll's ...
Registered in 0.005125 seconds.
Begin MonoManager ReloadAssembly
Symbol file LoadedFromMemory doesn't match image D:\Mundos Viurtuais\mundosvirtuais\PGMV\Library\PackageCache\com.unity.visualscripting@1.8.0\Editor\VisualScripting.Core\Dependencies\YamlDotNet\Unity.VisualScripting.YamlDotNet.dll
Symbol file LoadedFromMemory doesn't match image D:\Mundos Viurtuais\mundosvirtuais\PGMV\Library\PackageCache\com.unity.visualscripting@1.8.0\Editor\VisualScripting.Core\Dependencies\DotNetZip\Unity.VisualScripting.IonicZip.dll
Native extension for WindowsStandalone target not found
Refreshing native plugins compatible for Editor in 0.56 ms, found 3 plugins.
Preloading 0 native plugins for Editor in 0.00 ms.
Mono: successfully reloaded assembly
- Completed reload, in  1.073 seconds
Domain Reload Profiling:
	ReloadAssembly (1074ms)
		BeginReloadAssembly (134ms)
			ExecutionOrderSort (0ms)
			DisableScriptedObjects (4ms)
			BackupInstance (0ms)
			ReleaseScriptingObjects (0ms)
			CreateAndSetChildDomain (31ms)
		EndReloadAssembly (853ms)
			LoadAssemblies (97ms)
			RebuildTransferFunctionScriptingTraits (0ms)
			SetupTypeCache (287ms)
			ReleaseScriptCaches (1ms)
			RebuildScriptCaches (45ms)
			SetupLoadedEditorAssemblies (395ms)
				LogAssemblyErrors (0ms)
				InitializePlatformSupportModulesInManaged (12ms)
				SetLoadedEditorAssemblies (1ms)
				RefreshPlugins (1ms)
				BeforeProcessingInitializeOnLoad (68ms)
				ProcessInitializeOnLoadAttributes (291ms)
				ProcessInitializeOnLoadMethodAttributes (19ms)
				AfterProcessingInitializeOnLoad (3ms)
				EditorAssembliesLoaded (0ms)
			ExecutionOrderSort2 (0ms)
			AwakeInstancesAfterBackupRestoration (7ms)
Platform modules already initialized, skipping
Refreshing native plugins compatible for Editor in 2.02 ms, found 3 plugins.
Preloading 0 native plugins for Editor in 0.00 ms.
Unloading 3555 Unused Serialized files (Serialized files now loaded: 0)
Unloading 30 unused Assets / (1.6 MB). Loaded Objects now: 4152.
Memory consumption went from 151.0 MB to 149.4 MB.
Total: 3.066900 ms (FindLiveObjects: 0.231500 ms CreateObjectMapping: 0.163900 ms MarkObjects: 2.293200 ms  DeleteObjects: 0.377500 ms)

AssetImportParameters requested are different than current active one (requested -> active):
  custom:video-decoder-ogg-theora: a1e56fd34408186e4bbccfd4996cb3dc -> 
  custom:container-muxer-webm: aa71ff27fc2769a1b78a27578f13a17b -> 
  custom:container-demuxer-webm: 4f35f7cbe854078d1ac9338744f61a02 -> 
  custom:video-encoder-webm-vp8: eb34c28f22e8b96e1ab97ce403110664 -> 
  custom:video-codec-MediaFoundation-h265: 746d11721c4dcdbdad8f713fa42b33f4 -> 
  custom:audio-encoder-webm-vorbis: bf7c407c2cedff20999df2af8eb42d56 -> 
  custom:framework-win-MediaFoundation: 216162199b28c13a410421893ffa2e32 -> 
  custom:container-demuxer-ogg: 62fdf1f143b41e24485cea50d1cbac27 -> 
  custom:video-decoder-webm-vp8: 9c59270c3fd7afecdb556c50c9e8de78 -> 
  custom:audio-decoder-ogg-vorbis: bf7c407c2cedff20999df2af8eb42d56 -> 
========================================================================
Received Import Request.
  Time since last request: 430.295234 seconds.
  path: Assets/AQUAS-Lite/Models/Materials/WaterSimpleDaylight.mat
  artifactKey: Guid(cb6f3344386d8b44ea69a4d8c453389b) Importer(815301076,1909f56bfc062723c751e8b465ee728b)
Start importing Assets/AQUAS-Lite/Models/Materials/WaterSimpleDaylight.mat using Guid(cb6f3344386d8b44ea69a4d8c453389b) Importer(815301076,1909f56bfc062723c751e8b465ee728b)  -> (artifact id: '1cc4570193caaf669fcf9dc1faaca4c4') in 0.073360 seconds 
========================================================================
Received Import Request.
  Time since last request: 0.755480 seconds.
  path: Assets/8K Skybox Pack Free/Skyboxes/Material/sky-11.mat
  artifactKey: Guid(0657637449dfba34f84c2e4cf23683b6) Importer(815301076,1909f56bfc062723c751e8b465ee728b)
Start importing Assets/8K Skybox Pack Free/Skyboxes/Material/sky-11.mat using Guid(0657637449dfba34f84c2e4cf23683b6) Importer(815301076,1909f56bfc062723c751e8b465ee728b)  -> (artifact id: 'c57b3c48d5a7ce6b02c9bdb2f571221d') in 0.066968 seconds 
========================================================================
Received Import Request.
  Time since last request: 0.000025 seconds.
  path: Assets/8K Skybox Pack Free/Skyboxes/Material/sky-12.mat
  artifactKey: Guid(356decb03293f22498cb5565d128c9da) Importer(815301076,1909f56bfc062723c751e8b465ee728b)
Start importing Assets/8K Skybox Pack Free/Skyboxes/Material/sky-12.mat using Guid(356decb03293f22498cb5565d128c9da) Importer(815301076,1909f56bfc062723c751e8b465ee728b)  -> (artifact id: '4af7fe6bcad5adbba6e63ea6bdf7b99a') in 0.045378 seconds 
========================================================================
Received Import Request.
  Time since last request: 1.683305 seconds.
  path: Assets/8K Skybox Pack Free/Skyboxes/Material/sky-9.mat
  artifactKey: Guid(52d44e5692d0c134f9b2ed3abd21fb73) Importer(815301076,1909f56bfc062723c751e8b465ee728b)
Start importing Assets/8K Skybox Pack Free/Skyboxes/Material/sky-9.mat using Guid(52d44e5692d0c134f9b2ed3abd21fb73) Importer(815301076,1909f56bfc062723c751e8b465ee728b)  -> (artifact id: '831c2f6775d64981ad090985c1e14b29') in 0.038609 seconds 
========================================================================
Received Import Request.
  Time since last request: 0.000021 seconds.
  path: Assets/8K Skybox Pack Free/Skyboxes/Material/sky-8.mat
  artifactKey: Guid(ebc9df751692e5740abb521f3539fcd0) Importer(815301076,1909f56bfc062723c751e8b465ee728b)
Start importing Assets/8K Skybox Pack Free/Skyboxes/Material/sky-8.mat using Guid(ebc9df751692e5740abb521f3539fcd0) Importer(815301076,1909f56bfc062723c751e8b465ee728b)  -> (artifact id: '8e0306c8b2f6a52220cebba3933b36e3') in 0.037098 seconds 
========================================================================
Received Import Request.
  Time since last request: 0.000015 seconds.
  path: Assets/8K Skybox Pack Free/Skyboxes/Material/sky-7.mat
  artifactKey: Guid(5336727d7be32404c9ac396789142e1c) Importer(815301076,1909f56bfc062723c751e8b465ee728b)
Start importing Assets/8K Skybox Pack Free/Skyboxes/Material/sky-7.mat using Guid(5336727d7be32404c9ac396789142e1c) Importer(815301076,1909f56bfc062723c751e8b465ee728b)  -> (artifact id: 'cfecd4044e67d4b5b74fb15f153541e0') in 0.036482 seconds 
========================================================================
Received Import Request.
  Time since last request: 0.000052 seconds.
  path: Assets/8K Skybox Pack Free/Skyboxes/Material/sky-10.mat
  artifactKey: Guid(47b7a45414f3b564e9e8349bfa18b29f) Importer(815301076,1909f56bfc062723c751e8b465ee728b)
Start importing Assets/8K Skybox Pack Free/Skyboxes/Material/sky-10.mat using Guid(47b7a45414f3b564e9e8349bfa18b29f) Importer(815301076,1909f56bfc062723c751e8b465ee728b)  -> (artifact id: 'b5dd04c318adbf0599b556a91cdd3ec0') in 0.033862 seconds 
========================================================================
Received Import Request.
  Time since last request: 0.586779 seconds.
  path: Assets/8K Skybox Pack Free/Skyboxes/Material/sky-5.mat
  artifactKey: Guid(03389866351d19a47adc95c57d054097) Importer(815301076,1909f56bfc062723c751e8b465ee728b)
Start importing Assets/8K Skybox Pack Free/Skyboxes/Material/sky-5.mat using Guid(03389866351d19a47adc95c57d054097) Importer(815301076,1909f56bfc062723c751e8b465ee728b)  -> (artifact id: 'aed58050254bb5d74f3d768dd2876a41') in 0.046929 seconds 
========================================================================
Received Import Request.
  Time since last request: 0.000027 seconds.
  path: Assets/8K Skybox Pack Free/Skyboxes/Material/sky-6.mat
  artifactKey: Guid(b87cacf51931a5841b5931a664fd0730) Importer(815301076,1909f56bfc062723c751e8b465ee728b)
Start importing Assets/8K Skybox Pack Free/Skyboxes/Material/sky-6.mat using Guid(b87cacf51931a5841b5931a664fd0730) Importer(815301076,1909f56bfc062723c751e8b465ee728b)  -> (artifact id: 'c95c595fb0e09f177ae7b0a101a6735d') in 0.033161 seconds 
========================================================================
Received Import Request.
  Time since last request: 0.176754 seconds.
  path: Assets/8K Skybox Pack Free/Skyboxes/Material/sky-3.mat
  artifactKey: Guid(23002981675cee84bbbebf0794b85ea2) Importer(815301076,1909f56bfc062723c751e8b465ee728b)
Start importing Assets/8K Skybox Pack Free/Skyboxes/Material/sky-3.mat using Guid(23002981675cee84bbbebf0794b85ea2) Importer(815301076,1909f56bfc062723c751e8b465ee728b)  -> (artifact id: '1daef4992532fb1fb58214f0a69213df') in 0.032114 seconds 
========================================================================
Received Import Request.
  Time since last request: 0.000028 seconds.
  path: Assets/8K Skybox Pack Free/Skyboxes/Material/sky-4.mat
  artifactKey: Guid(4e4980336892d9546bf0bf0e3f30c265) Importer(815301076,1909f56bfc062723c751e8b465ee728b)
Start importing Assets/8K Skybox Pack Free/Skyboxes/Material/sky-4.mat using Guid(4e4980336892d9546bf0bf0e3f30c265) Importer(815301076,1909f56bfc062723c751e8b465ee728b)  -> (artifact id: '391ce8bd7cfdc43e8265cb4d3286d8f5') in 0.039156 seconds 
========================================================================
Received Import Request.
  Time since last request: 0.152028 seconds.
  path: Assets/8K Skybox Pack Free/Skyboxes/Material/sky-1.mat
  artifactKey: Guid(c8e304140c860744783e1aa250535791) Importer(815301076,1909f56bfc062723c751e8b465ee728b)
Start importing Assets/8K Skybox Pack Free/Skyboxes/Material/sky-1.mat using Guid(c8e304140c860744783e1aa250535791) Importer(815301076,1909f56bfc062723c751e8b465ee728b)  -> (artifact id: '5161ad73f4b50df03ed618c9e5e40c5f') in 0.036878 seconds 
========================================================================
Received Import Request.
  Time since last request: 0.000026 seconds.
  path: Assets/8K Skybox Pack Free/Skyboxes/Material/sky-2.mat
  artifactKey: Guid(9b7ca251e8646c54db0a77ae2021bf9b) Importer(815301076,1909f56bfc062723c751e8b465ee728b)
Start importing Assets/8K Skybox Pack Free/Skyboxes/Material/sky-2.mat using Guid(9b7ca251e8646c54db0a77ae2021bf9b) Importer(815301076,1909f56bfc062723c751e8b465ee728b)  -> (artifact id: 'c722466b3e4bc6b2cec32c7ffd9cca06') in 0.039203 seconds 
========================================================================
Received Import Request.
  Time since last request: 0.405941 seconds.
  path: Assets/ADG_Textures/ground_vol1/ground14/ground14.mat
  artifactKey: Guid(3b7bee62bfdf81742a7e944ddd698742) Importer(815301076,1909f56bfc062723c751e8b465ee728b)
Start importing Assets/ADG_Textures/ground_vol1/ground14/ground14.mat using Guid(3b7bee62bfdf81742a7e944ddd698742) Importer(815301076,1909f56bfc062723c751e8b465ee728b)  -> (artifact id: 'a62afd36a320f1ef59b2d80a0202af6e') in 0.235514 seconds 
========================================================================
Received Import Request.
  Time since last request: 0.000018 seconds.
  path: Assets/ADG_Textures/ground_vol1/ground10/ground10.mat
  artifactKey: Guid(43d91cc396861f443b5574aef062e3d3) Importer(815301076,1909f56bfc062723c751e8b465ee728b)
Start importing Assets/ADG_Textures/ground_vol1/ground10/ground10.mat using Guid(43d91cc396861f443b5574aef062e3d3) Importer(815301076,1909f56bfc062723c751e8b465ee728b)  -> (artifact id: '2926db4ac10fc05584ab9f5fe092cb20') in 0.178263 seconds 
========================================================================
Received Import Request.
  Time since last request: 0.000041 seconds.
  path: Assets/ADG_Textures/ground_vol1/ground12/ground12.mat
  artifactKey: Guid(43f38029a9368894a9fb4dd19ce0bfcd) Importer(815301076,1909f56bfc062723c751e8b465ee728b)
Start importing Assets/ADG_Textures/ground_vol1/ground12/ground12.mat using Guid(43f38029a9368894a9fb4dd19ce0bfcd) Importer(815301076,1909f56bfc062723c751e8b465ee728b)  -> (artifact id: '6b0f7117f2d43c29225816fc2d42e86c') in 0.174888 seconds 
========================================================================
Received Import Request.
  Time since last request: 0.000013 seconds.
  path: Assets/ADG_Textures/ground_vol1/ground13/ground13.mat
  artifactKey: Guid(2785d3e261e963c4793fc5970256592e) Importer(815301076,1909f56bfc062723c751e8b465ee728b)
Start importing Assets/ADG_Textures/ground_vol1/ground13/ground13.mat using Guid(2785d3e261e963c4793fc5970256592e) Importer(815301076,1909f56bfc062723c751e8b465ee728b)  -> (artifact id: '36327e7707f5b65eeeb9b41c4bc7bc6c') in 0.248364 seconds 
========================================================================
Received Import Request.
  Time since last request: 0.000016 seconds.
  path: Assets/ADG_Textures/ground_vol1/ground11/ground11.mat
  artifactKey: Guid(0b9b69ec22bd9824dbcacaf79a566cdc) Importer(815301076,1909f56bfc062723c751e8b465ee728b)
Start importing Assets/ADG_Textures/ground_vol1/ground11/ground11.mat using Guid(0b9b69ec22bd9824dbcacaf79a566cdc) Importer(815301076,1909f56bfc062723c751e8b465ee728b)  -> (artifact id: 'cdbb49fc17e0d042e04428e556305a04') in 0.321418 seconds 
========================================================================
Received Import Request.
  Time since last request: 1.547968 seconds.
  path: Assets/8K Skybox Pack Free
  artifactKey: Guid(bdb8f25b35cd2a3409c5b1ad34e83fc4) Importer(815301076,1909f56bfc062723c751e8b465ee728b)
Start importing Assets/8K Skybox Pack Free using Guid(bdb8f25b35cd2a3409c5b1ad34e83fc4) Importer(815301076,1909f56bfc062723c751e8b465ee728b)  -> (artifact id: '156e3e5c7f1fd66af44052d6ba71aadb') in 0.005760 seconds 
========================================================================
Received Import Request.
  Time since last request: 0.672424 seconds.
  path: Assets/8K Skybox Pack Free/Skyboxes
  artifactKey: Guid(34d05b5f2938c1243b17c3f8c2e5937d) Importer(815301076,1909f56bfc062723c751e8b465ee728b)
Start importing Assets/8K Skybox Pack Free/Skyboxes using Guid(34d05b5f2938c1243b17c3f8c2e5937d) Importer(815301076,1909f56bfc062723c751e8b465ee728b)  -> (artifact id: '11c9cc2c9eba1b797a8660834fd94245') in 0.005867 seconds 
========================================================================
Received Import Request.
  Time since last request: 0.717015 seconds.
  path: Assets/8K Skybox Pack Free/Skyboxes/Material
  artifactKey: Guid(9999d0c0c7d006844a57229b10e78a25) Importer(815301076,1909f56bfc062723c751e8b465ee728b)
Start importing Assets/8K Skybox Pack Free/Skyboxes/Material using Guid(9999d0c0c7d006844a57229b10e78a25) Importer(815301076,1909f56bfc062723c751e8b465ee728b)  -> (artifact id: '4c163d5f63887c682f2460ede4f8448d') in 0.005776 seconds 
========================================================================
Received Import Request.
  Time since last request: 4.695954 seconds.
  path: Assets/8K Skybox Pack Free/Skyboxes/Texture
  artifactKey: Guid(d6e7d52c81183664ebabf8a33dc61b47) Importer(815301076,1909f56bfc062723c751e8b465ee728b)
Start importing Assets/8K Skybox Pack Free/Skyboxes/Texture using Guid(d6e7d52c81183664ebabf8a33dc61b47) Importer(815301076,1909f56bfc062723c751e8b465ee728b)  -> (artifact id: '5ac21fcc266c149fa6e53032d88ab69c') in 0.006099 seconds 
========================================================================
Received Import Request.
  Time since last request: 0.046764 seconds.
  path: Assets/8K Skybox Pack Free/Skyboxes/Texture/sky-1.png
  artifactKey: Guid(2288e023d12a740468d683a2c1ebddc8) Importer(815301076,1909f56bfc062723c751e8b465ee728b)
Start importing Assets/8K Skybox Pack Free/Skyboxes/Texture/sky-1.png using Guid(2288e023d12a740468d683a2c1ebddc8) Importer(815301076,1909f56bfc062723c751e8b465ee728b)  -> (artifact id: '28de4e3fb4290333e0c9b851085622d9') in 0.465869 seconds 
========================================================================
Received Import Request.
  Time since last request: 0.000022 seconds.
  path: Assets/8K Skybox Pack Free/Skyboxes/Texture/sky-8.png
  artifactKey: Guid(c902ec8c76a899044a8cb1fddfb1dc39) Importer(815301076,1909f56bfc062723c751e8b465ee728b)
Start importing Assets/8K Skybox Pack Free/Skyboxes/Texture/sky-8.png using Guid(c902ec8c76a899044a8cb1fddfb1dc39) Importer(815301076,1909f56bfc062723c751e8b465ee728b)  -> (artifact id: 'eef6262a6470db43a296f76f38fed519') in 0.426012 seconds 
========================================================================
Received Import Request.
  Time since last request: 0.000024 seconds.
  path: Assets/8K Skybox Pack Free/Skyboxes/Texture/sky-9.png
  artifactKey: Guid(f15e9ebb1ca5a424c916746d3be478bb) Importer(815301076,1909f56bfc062723c751e8b465ee728b)
Start importing Assets/8K Skybox Pack Free/Skyboxes/Texture/sky-9.png using Guid(f15e9ebb1ca5a424c916746d3be478bb) Importer(815301076,1909f56bfc062723c751e8b465ee728b)  -> (artifact id: '707dd6be73df2528e196df3d11ec34a2') in 0.431625 seconds 
========================================================================
Received Import Request.
  Time since last request: 0.000017 seconds.
  path: Assets/8K Skybox Pack Free/Skyboxes/Texture/sky-12.png
  artifactKey: Guid(8ffc7723a2a147542bd1a4a9512c2762) Importer(815301076,1909f56bfc062723c751e8b465ee728b)
Start importing Assets/8K Skybox Pack Free/Skyboxes/Texture/sky-12.png using Guid(8ffc7723a2a147542bd1a4a9512c2762) Importer(815301076,1909f56bfc062723c751e8b465ee728b)  -> (artifact id: 'e88f734ce98b475c5cbfeabe1cf575c0') in 0.427393 seconds 
========================================================================
Received Import Request.
  Time since last request: 0.000028 seconds.
  path: Assets/8K Skybox Pack Free/Skyboxes/Texture/sky-2.png
  artifactKey: Guid(cd7d58d5520a6874587342352e94b970) Importer(815301076,1909f56bfc062723c751e8b465ee728b)
Start importing Assets/8K Skybox Pack Free/Skyboxes/Texture/sky-2.png using Guid(cd7d58d5520a6874587342352e94b970) Importer(815301076,1909f56bfc062723c751e8b465ee728b)  -> (artifact id: '912d6333f42f6f094e8aa11cc6f7917b') in 0.430441 seconds 
========================================================================
Received Import Request.
  Time since last request: 0.000024 seconds.
  path: Assets/8K Skybox Pack Free/Skyboxes/Texture/sky-5.png
  artifactKey: Guid(100fa8e1632686d4197cf0ade5e18678) Importer(815301076,1909f56bfc062723c751e8b465ee728b)
Start importing Assets/8K Skybox Pack Free/Skyboxes/Texture/sky-5.png using Guid(100fa8e1632686d4197cf0ade5e18678) Importer(815301076,1909f56bfc062723c751e8b465ee728b)  -> (artifact id: '20abcb2524c67f6ebfb7bcc0b55e6758') in 0.434779 seconds 
========================================================================
Received Import Request.
  Time since last request: 0.000033 seconds.
  path: Assets/8K Skybox Pack Free/Skyboxes/Texture/sky-11.png
  artifactKey: Guid(2aa5e1663af98df4380219164a99d330) Importer(815301076,1909f56bfc062723c751e8b465ee728b)
Start importing Assets/8K Skybox Pack Free/Skyboxes/Texture/sky-11.png using Guid(2aa5e1663af98df4380219164a99d330) Importer(815301076,1909f56bfc062723c751e8b465ee728b)  -> (artifact id: 'ad0355126f721d87002461aa456e8f81') in 0.430389 seconds 
========================================================================
Received Import Request.
  Time since last request: 0.000023 seconds.
  path: Assets/8K Skybox Pack Free/Skyboxes/Texture/sky-7.png
  artifactKey: Guid(c7446ec5690a9ae4190faeaae79086b3) Importer(815301076,1909f56bfc062723c751e8b465ee728b)
Start importing Assets/8K Skybox Pack Free/Skyboxes/Texture/sky-7.png using Guid(c7446ec5690a9ae4190faeaae79086b3) Importer(815301076,1909f56bfc062723c751e8b465ee728b)  -> (artifact id: '9279ad2fa1be0380bf39b3bf1d3b43d2') in 0.441346 seconds 
========================================================================
Received Import Request.
  Time since last request: 0.000024 seconds.
  path: Assets/8K Skybox Pack Free/Skyboxes/Texture/sky-3.png
  artifactKey: Guid(7f5779140d6e64f44a7940b41f49ba81) Importer(815301076,1909f56bfc062723c751e8b465ee728b)
Start importing Assets/8K Skybox Pack Free/Skyboxes/Texture/sky-3.png using Guid(7f5779140d6e64f44a7940b41f49ba81) Importer(815301076,1909f56bfc062723c751e8b465ee728b)  -> (artifact id: '94906779434e4f92a99b88aedf52b0bd') in 0.429673 seconds 
========================================================================
Received Import Request.
  Time since last request: 0.000020 seconds.
  path: Assets/8K Skybox Pack Free/Skyboxes/Texture/sky-4.png
  artifactKey: Guid(65844975f3a977b419b0d5fdff86f07a) Importer(815301076,1909f56bfc062723c751e8b465ee728b)
Start importing Assets/8K Skybox Pack Free/Skyboxes/Texture/sky-4.png using Guid(65844975f3a977b419b0d5fdff86f07a) Importer(815301076,1909f56bfc062723c751e8b465ee728b)  -> (artifact id: '7bb5f3e29585a99875bb6946d4760143') in 0.432534 seconds 
========================================================================
Received Import Request.
  Time since last request: 0.000025 seconds.
  path: Assets/8K Skybox Pack Free/Skyboxes/Texture/sky-6.png
  artifactKey: Guid(22f0efbf93ea81b49bce3ac5f1488041) Importer(815301076,1909f56bfc062723c751e8b465ee728b)
Start importing Assets/8K Skybox Pack Free/Skyboxes/Texture/sky-6.png using Guid(22f0efbf93ea81b49bce3ac5f1488041) Importer(815301076,1909f56bfc062723c751e8b465ee728b)  -> (artifact id: '77c6f40cdc8b55f86bfb04c567a04332') in 0.429761 seconds 
========================================================================
Received Import Request.
  Time since last request: 0.000021 seconds.
  path: Assets/8K Skybox Pack Free/Skyboxes/Texture/sky-10.png
  artifactKey: Guid(0786698e0db475f468c5246a3253c740) Importer(815301076,1909f56bfc062723c751e8b465ee728b)
Start importing Assets/8K Skybox Pack Free/Skyboxes/Texture/sky-10.png using Guid(0786698e0db475f468c5246a3253c740) Importer(815301076,1909f56bfc062723c751e8b465ee728b)  -> (artifact id: 'b02cf81d51e45b190f2935d9584131a4') in 0.439582 seconds 
========================================================================
Received Prepare
Registering precompiled user dll's ...
Registered in 0.004940 seconds.
Begin MonoManager ReloadAssembly
Symbol file LoadedFromMemory doesn't match image D:\Mundos Viurtuais\mundosvirtuais\PGMV\Library\PackageCache\com.unity.visualscripting@1.8.0\Editor\VisualScripting.Core\Dependencies\YamlDotNet\Unity.VisualScripting.YamlDotNet.dll
Symbol file LoadedFromMemory doesn't match image D:\Mundos Viurtuais\mundosvirtuais\PGMV\Library\PackageCache\com.unity.visualscripting@1.8.0\Editor\VisualScripting.Core\Dependencies\DotNetZip\Unity.VisualScripting.IonicZip.dll
Native extension for WindowsStandalone target not found
Refreshing native plugins compatible for Editor in 0.54 ms, found 3 plugins.
Preloading 0 native plugins for Editor in 0.00 ms.
Mono: successfully reloaded assembly
- Completed reload, in  1.114 seconds
Domain Reload Profiling:
	ReloadAssembly (1115ms)
		BeginReloadAssembly (140ms)
			ExecutionOrderSort (0ms)
			DisableScriptedObjects (5ms)
			BackupInstance (0ms)
			ReleaseScriptingObjects (0ms)
			CreateAndSetChildDomain (30ms)
		EndReloadAssembly (884ms)
			LoadAssemblies (104ms)
			RebuildTransferFunctionScriptingTraits (0ms)
			SetupTypeCache (297ms)
			ReleaseScriptCaches (1ms)
			RebuildScriptCaches (48ms)
			SetupLoadedEditorAssemblies (409ms)
				LogAssemblyErrors (0ms)
				InitializePlatformSupportModulesInManaged (12ms)
				SetLoadedEditorAssemblies (0ms)
				RefreshPlugins (1ms)
				BeforeProcessingInitializeOnLoad (70ms)
				ProcessInitializeOnLoadAttributes (303ms)
				ProcessInitializeOnLoadMethodAttributes (20ms)
				AfterProcessingInitializeOnLoad (3ms)
				EditorAssembliesLoaded (0ms)
			ExecutionOrderSort2 (0ms)
			AwakeInstancesAfterBackupRestoration (7ms)
Platform modules already initialized, skipping
Refreshing native plugins compatible for Editor in 1.62 ms, found 3 plugins.
Preloading 0 native plugins for Editor in 0.00 ms.
Unloading 3555 Unused Serialized files (Serialized files now loaded: 0)
Unloading 30 unused Assets / (1.6 MB). Loaded Objects now: 4158.
Memory consumption went from 151.1 MB to 149.5 MB.
Total: 3.335300 ms (FindLiveObjects: 0.234000 ms CreateObjectMapping: 0.156600 ms MarkObjects: 2.408200 ms  DeleteObjects: 0.535800 ms)

AssetImportParameters requested are different than current active one (requested -> active):
  custom:video-decoder-ogg-theora: a1e56fd34408186e4bbccfd4996cb3dc -> 
  custom:container-muxer-webm: aa71ff27fc2769a1b78a27578f13a17b -> 
  custom:container-demuxer-webm: 4f35f7cbe854078d1ac9338744f61a02 -> 
  custom:video-encoder-webm-vp8: eb34c28f22e8b96e1ab97ce403110664 -> 
  custom:video-codec-MediaFoundation-h265: 746d11721c4dcdbdad8f713fa42b33f4 -> 
  custom:audio-encoder-webm-vorbis: bf7c407c2cedff20999df2af8eb42d56 -> 
  custom:framework-win-MediaFoundation: 216162199b28c13a410421893ffa2e32 -> 
  custom:container-demuxer-ogg: 62fdf1f143b41e24485cea50d1cbac27 -> 
  custom:video-decoder-webm-vp8: 9c59270c3fd7afecdb556c50c9e8de78 -> 
  custom:audio-decoder-ogg-vorbis: bf7c407c2cedff20999df2af8eb42d56 -> 
========================================================================
Received Prepare
Registering precompiled user dll's ...
Registered in 0.005142 seconds.
Begin MonoManager ReloadAssembly
Symbol file LoadedFromMemory doesn't match image D:\Mundos Viurtuais\mundosvirtuais\PGMV\Library\PackageCache\com.unity.visualscripting@1.8.0\Editor\VisualScripting.Core\Dependencies\YamlDotNet\Unity.VisualScripting.YamlDotNet.dll
Symbol file LoadedFromMemory doesn't match image D:\Mundos Viurtuais\mundosvirtuais\PGMV\Library\PackageCache\com.unity.visualscripting@1.8.0\Editor\VisualScripting.Core\Dependencies\DotNetZip\Unity.VisualScripting.IonicZip.dll
Native extension for WindowsStandalone target not found
Refreshing native plugins compatible for Editor in 0.60 ms, found 3 plugins.
Preloading 0 native plugins for Editor in 0.00 ms.
Mono: successfully reloaded assembly
- Completed reload, in  1.180 seconds
Domain Reload Profiling:
	ReloadAssembly (1181ms)
		BeginReloadAssembly (153ms)
			ExecutionOrderSort (0ms)
			DisableScriptedObjects (6ms)
			BackupInstance (0ms)
			ReleaseScriptingObjects (0ms)
			CreateAndSetChildDomain (32ms)
		EndReloadAssembly (929ms)
			LoadAssemblies (113ms)
			RebuildTransferFunctionScriptingTraits (0ms)
			SetupTypeCache (331ms)
			ReleaseScriptCaches (1ms)
			RebuildScriptCaches (54ms)
			SetupLoadedEditorAssemblies (402ms)
				LogAssemblyErrors (0ms)
				InitializePlatformSupportModulesInManaged (12ms)
				SetLoadedEditorAssemblies (1ms)
				RefreshPlugins (1ms)
				BeforeProcessingInitializeOnLoad (69ms)
				ProcessInitializeOnLoadAttributes (295ms)
				ProcessInitializeOnLoadMethodAttributes (20ms)
				AfterProcessingInitializeOnLoad (3ms)
				EditorAssembliesLoaded (0ms)
			ExecutionOrderSort2 (0ms)
			AwakeInstancesAfterBackupRestoration (7ms)
Platform modules already initialized, skipping
Refreshing native plugins compatible for Editor in 1.87 ms, found 3 plugins.
Preloading 0 native plugins for Editor in 0.00 ms.
Unloading 3555 Unused Serialized files (Serialized files now loaded: 0)
Unloading 30 unused Assets / (1.6 MB). Loaded Objects now: 4161.
Memory consumption went from 151.1 MB to 149.5 MB.
Total: 2.914100 ms (FindLiveObjects: 0.227100 ms CreateObjectMapping: 0.141900 ms MarkObjects: 2.228500 ms  DeleteObjects: 0.315800 ms)

AssetImportParameters requested are different than current active one (requested -> active):
  custom:video-decoder-ogg-theora: a1e56fd34408186e4bbccfd4996cb3dc -> 
  custom:container-muxer-webm: aa71ff27fc2769a1b78a27578f13a17b -> 
  custom:container-demuxer-webm: 4f35f7cbe854078d1ac9338744f61a02 -> 
  custom:video-encoder-webm-vp8: eb34c28f22e8b96e1ab97ce403110664 -> 
  custom:video-codec-MediaFoundation-h265: 746d11721c4dcdbdad8f713fa42b33f4 -> 
  custom:audio-encoder-webm-vorbis: bf7c407c2cedff20999df2af8eb42d56 -> 
  custom:framework-win-MediaFoundation: 216162199b28c13a410421893ffa2e32 -> 
  custom:container-demuxer-ogg: 62fdf1f143b41e24485cea50d1cbac27 -> 
  custom:video-decoder-webm-vp8: 9c59270c3fd7afecdb556c50c9e8de78 -> 
  custom:audio-decoder-ogg-vorbis: bf7c407c2cedff20999df2af8eb42d56 -> 
========================================================================
Received Import Request.
  Time since last request: 1725.798516 seconds.
  path: Assets/Ultra Skybox Fog/DemoTerrain.asset
  artifactKey: Guid(62b6ac7df161f604b89e1e2ff087190e) Importer(815301076,1909f56bfc062723c751e8b465ee728b)
Start importing Assets/Ultra Skybox Fog/DemoTerrain.asset using Guid(62b6ac7df161f604b89e1e2ff087190e) Importer(815301076,1909f56bfc062723c751e8b465ee728b)  -> (artifact id: '7003e0f992a3dd9c75139f20a85486c2') in 0.201758 seconds 
========================================================================
Received Import Request.
  Time since last request: 2.150809 seconds.
  path: Assets/Ultra Skybox Fog/Materials/rustig_koppie_4k.mat
  artifactKey: Guid(b1a2b75a5dcd25149a9bca6c743839b1) Importer(815301076,1909f56bfc062723c751e8b465ee728b)
Start importing Assets/Ultra Skybox Fog/Materials/rustig_koppie_4k.mat using Guid(b1a2b75a5dcd25149a9bca6c743839b1) Importer(815301076,1909f56bfc062723c751e8b465ee728b)  -> (artifact id: 'c48790e393c98178cc31c28326bada6f') in 0.088892 seconds 
========================================================================
Received Import Request.
  Time since last request: 0.000027 seconds.
  path: Assets/Ultra Skybox Fog/Materials/satara_night_8k.mat
  artifactKey: Guid(0c56b35a6d7bad544a5b576592b6e51e) Importer(815301076,1909f56bfc062723c751e8b465ee728b)
Start importing Assets/Ultra Skybox Fog/Materials/satara_night_8k.mat using Guid(0c56b35a6d7bad544a5b576592b6e51e) Importer(815301076,1909f56bfc062723c751e8b465ee728b)  -> (artifact id: '6367af82af7423e6e1eef783d09a6c44') in 0.018218 seconds 
========================================================================
Received Import Request.
  Time since last request: 47.509085 seconds.
  path: Assets/8K Skybox Pack Free/Skyboxes/Material/sky-9.mat
  artifactKey: Guid(52d44e5692d0c134f9b2ed3abd21fb73) Importer(815301076,1909f56bfc062723c751e8b465ee728b)
Start importing Assets/8K Skybox Pack Free/Skyboxes/Material/sky-9.mat using Guid(52d44e5692d0c134f9b2ed3abd21fb73) Importer(815301076,1909f56bfc062723c751e8b465ee728b)  -> (artifact id: '3203ddc4e4de91aaaa659aad7a4f61ea') in 0.034929 seconds 
========================================================================
Received Import Request.
  Time since last request: 5.177605 seconds.
  path: Assets/Ultra Skybox Fog
  artifactKey: Guid(51d592793e979214399114f995cf7465) Importer(815301076,1909f56bfc062723c751e8b465ee728b)
Start importing Assets/Ultra Skybox Fog using Guid(51d592793e979214399114f995cf7465) Importer(815301076,1909f56bfc062723c751e8b465ee728b)  -> (artifact id: '48b83b8b2c7c755ef1e90de5511537b8') in 0.005416 seconds 
========================================================================
Received Import Request.
  Time since last request: 2.570747 seconds.
  path: Assets/Ultra Skybox Fog/Materials
  artifactKey: Guid(1ca12d4a3ecc4fc4aacf328a32970a63) Importer(815301076,1909f56bfc062723c751e8b465ee728b)
Start importing Assets/Ultra Skybox Fog/Materials using Guid(1ca12d4a3ecc4fc4aacf328a32970a63) Importer(815301076,1909f56bfc062723c751e8b465ee728b)  -> (artifact id: 'dbde6e4abae26c6af2c14eaaf45a73da') in 0.005681 seconds 
========================================================================
Received Import Request.
  Time since last request: 1.084863 seconds.
  path: Assets/Ultra Skybox Fog/Textures/rustig_koppie_4k.hdr
  artifactKey: Guid(f8aac821b91fe06469e001f84df2a0db) Importer(815301076,1909f56bfc062723c751e8b465ee728b)
Start importing Assets/Ultra Skybox Fog/Textures/rustig_koppie_4k.hdr using Guid(f8aac821b91fe06469e001f84df2a0db) Importer(815301076,1909f56bfc062723c751e8b465ee728b)  -> (artifact id: '0ce2b7264315be78cbdb1c522a17e80a') in 0.034014 seconds 
========================================================================
Received Prepare
Registering precompiled user dll's ...
Registered in 0.004896 seconds.
Begin MonoManager ReloadAssembly
Symbol file LoadedFromMemory doesn't match image D:\Mundos Viurtuais\mundosvirtuais\PGMV\Library\PackageCache\com.unity.visualscripting@1.8.0\Editor\VisualScripting.Core\Dependencies\YamlDotNet\Unity.VisualScripting.YamlDotNet.dll
Symbol file LoadedFromMemory doesn't match image D:\Mundos Viurtuais\mundosvirtuais\PGMV\Library\PackageCache\com.unity.visualscripting@1.8.0\Editor\VisualScripting.Core\Dependencies\DotNetZip\Unity.VisualScripting.IonicZip.dll
Native extension for WindowsStandalone target not found
Refreshing native plugins compatible for Editor in 0.54 ms, found 3 plugins.
Preloading 0 native plugins for Editor in 0.00 ms.
Mono: successfully reloaded assembly
- Completed reload, in  1.091 seconds
Domain Reload Profiling:
	ReloadAssembly (1092ms)
		BeginReloadAssembly (139ms)
			ExecutionOrderSort (0ms)
			DisableScriptedObjects (4ms)
			BackupInstance (0ms)
			ReleaseScriptingObjects (0ms)
			CreateAndSetChildDomain (34ms)
		EndReloadAssembly (865ms)
			LoadAssemblies (98ms)
			RebuildTransferFunctionScriptingTraits (0ms)
			SetupTypeCache (257ms)
			ReleaseScriptCaches (1ms)
			RebuildScriptCaches (52ms)
			SetupLoadedEditorAssemblies (424ms)
				LogAssemblyErrors (0ms)
				InitializePlatformSupportModulesInManaged (12ms)
				SetLoadedEditorAssemblies (0ms)
				RefreshPlugins (1ms)
				BeforeProcessingInitializeOnLoad (69ms)
				ProcessInitializeOnLoadAttributes (319ms)
				ProcessInitializeOnLoadMethodAttributes (19ms)
				AfterProcessingInitializeOnLoad (3ms)
				EditorAssembliesLoaded (0ms)
			ExecutionOrderSort2 (0ms)
			AwakeInstancesAfterBackupRestoration (7ms)
Platform modules already initialized, skipping
Refreshing native plugins compatible for Editor in 1.62 ms, found 3 plugins.
Preloading 0 native plugins for Editor in 0.00 ms.
Unloading 3556 Unused Serialized files (Serialized files now loaded: 0)
Unloading 30 unused Assets / (1.6 MB). Loaded Objects now: 4165.
Memory consumption went from 151.3 MB to 149.7 MB.
Total: 2.874400 ms (FindLiveObjects: 0.228600 ms CreateObjectMapping: 0.212100 ms MarkObjects: 2.094300 ms  DeleteObjects: 0.338800 ms)

AssetImportParameters requested are different than current active one (requested -> active):
  custom:video-decoder-ogg-theora: a1e56fd34408186e4bbccfd4996cb3dc -> 
  custom:container-muxer-webm: aa71ff27fc2769a1b78a27578f13a17b -> 
  custom:container-demuxer-webm: 4f35f7cbe854078d1ac9338744f61a02 -> 
  custom:video-encoder-webm-vp8: eb34c28f22e8b96e1ab97ce403110664 -> 
  custom:video-codec-MediaFoundation-h265: 746d11721c4dcdbdad8f713fa42b33f4 -> 
  custom:audio-encoder-webm-vorbis: bf7c407c2cedff20999df2af8eb42d56 -> 
  custom:framework-win-MediaFoundation: 216162199b28c13a410421893ffa2e32 -> 
  custom:container-demuxer-ogg: 62fdf1f143b41e24485cea50d1cbac27 -> 
  custom:video-decoder-webm-vp8: 9c59270c3fd7afecdb556c50c9e8de78 -> 
  custom:audio-decoder-ogg-vorbis: bf7c407c2cedff20999df2af8eb42d56 -> 
========================================================================
Received Import Request.
  Time since last request: 102.725104 seconds.
  path: Assets/Ultra Skybox Fog/Textures/satara_night_1k.hdr
  artifactKey: Guid(6939f8161e0932c40871408aebe0e285) Importer(815301076,1909f56bfc062723c751e8b465ee728b)
Start importing Assets/Ultra Skybox Fog/Textures/satara_night_1k.hdr using Guid(6939f8161e0932c40871408aebe0e285) Importer(815301076,1909f56bfc062723c751e8b465ee728b)  -> (artifact id: 'a0820e0017e155b532bfd3ed7d1f8c1b') in 0.067309 seconds 
========================================================================
Received Import Request.
  Time since last request: 247.317626 seconds.
  path: Assets/ADG_Textures/ground_vol1/ground8/ground8.mat
  artifactKey: Guid(57208e3c02c59dc4bba6832237467e57) Importer(815301076,1909f56bfc062723c751e8b465ee728b)
Start importing Assets/ADG_Textures/ground_vol1/ground8/ground8.mat using Guid(57208e3c02c59dc4bba6832237467e57) Importer(815301076,1909f56bfc062723c751e8b465ee728b)  -> (artifact id: '34189c7fc7ffbed131406569e9afacf2') in 0.266600 seconds 
========================================================================
Received Import Request.
  Time since last request: 0.000027 seconds.
  path: Assets/ADG_Textures/ground_vol1/ground6/ground6.mat
  artifactKey: Guid(ae29ac02d08992344b9095971167e1c6) Importer(815301076,1909f56bfc062723c751e8b465ee728b)
Start importing Assets/ADG_Textures/ground_vol1/ground6/ground6.mat using Guid(ae29ac02d08992344b9095971167e1c6) Importer(815301076,1909f56bfc062723c751e8b465ee728b)  -> (artifact id: '90691ebd1e32299dbe722180fb1e749a') in 0.152252 seconds 
========================================================================
Received Import Request.
  Time since last request: 0.000029 seconds.
  path: Assets/ADG_Textures/ground_vol1/ground7/ground7.mat
  artifactKey: Guid(9b2d9ffb6a28d244e8e9025b4a87f779) Importer(815301076,1909f56bfc062723c751e8b465ee728b)
Start importing Assets/ADG_Textures/ground_vol1/ground7/ground7.mat using Guid(9b2d9ffb6a28d244e8e9025b4a87f779) Importer(815301076,1909f56bfc062723c751e8b465ee728b)  -> (artifact id: '446d66740b4ad16ff10de85e3cd2aa35') in 0.216543 seconds 
========================================================================
Received Import Request.
  Time since last request: 0.000018 seconds.
  path: Assets/ADG_Textures/ground_vol1/ground1/ground1.mat
  artifactKey: Guid(2ad85dfe2430c9944a67aabf28740c2d) Importer(815301076,1909f56bfc062723c751e8b465ee728b)
Start importing Assets/ADG_Textures/ground_vol1/ground1/ground1.mat using Guid(2ad85dfe2430c9944a67aabf28740c2d) Importer(815301076,1909f56bfc062723c751e8b465ee728b)  -> (artifact id: '9e004a64b2e4a723a366e54e938e6994') in 0.168476 seconds 
========================================================================
Received Import Request.
  Time since last request: 0.000028 seconds.
  path: Assets/ADG_Textures/ground_vol1/ground3/ground3.mat
  artifactKey: Guid(594c9e2618b97d542bae8e47e544b7f1) Importer(815301076,1909f56bfc062723c751e8b465ee728b)
Start importing Assets/ADG_Textures/ground_vol1/ground3/ground3.mat using Guid(594c9e2618b97d542bae8e47e544b7f1) Importer(815301076,1909f56bfc062723c751e8b465ee728b)  -> (artifact id: 'a4a9123c11f5bf888eb1fb38a041dff3') in 0.089776 seconds 
========================================================================
Received Import Request.
  Time since last request: 0.000022 seconds.
  path: Assets/ADG_Textures/ground_vol1/ground5/ground5.mat
  artifactKey: Guid(255436391f9524147a37a599920b6a29) Importer(815301076,1909f56bfc062723c751e8b465ee728b)
Start importing Assets/ADG_Textures/ground_vol1/ground5/ground5.mat using Guid(255436391f9524147a37a599920b6a29) Importer(815301076,1909f56bfc062723c751e8b465ee728b)  -> (artifact id: '8aa578620a0a1511b18677817b67489f') in 0.191408 seconds 
========================================================================
Received Import Request.
  Time since last request: 0.000022 seconds.
  path: Assets/ADG_Textures/ground_vol1/ground4/ground4.mat
  artifactKey: Guid(58621eb9da53bb648ab64c4982c9d407) Importer(815301076,1909f56bfc062723c751e8b465ee728b)
Start importing Assets/ADG_Textures/ground_vol1/ground4/ground4.mat using Guid(58621eb9da53bb648ab64c4982c9d407) Importer(815301076,1909f56bfc062723c751e8b465ee728b)  -> (artifact id: '9a83b964749a2091c155d13fe92e08ae') in 0.106529 seconds 
========================================================================
Received Import Request.
  Time since last request: 0.000035 seconds.
  path: Assets/ADG_Textures/ground_vol1/ground9/ground9.mat
  artifactKey: Guid(808ad643de188e240b57498ca61b98a8) Importer(815301076,1909f56bfc062723c751e8b465ee728b)
Start importing Assets/ADG_Textures/ground_vol1/ground9/ground9.mat using Guid(808ad643de188e240b57498ca61b98a8) Importer(815301076,1909f56bfc062723c751e8b465ee728b)  -> (artifact id: '077e24cbbb554d6fd4f0fab1a3f9f7c7') in 0.176801 seconds 
========================================================================
Received Import Request.
  Time since last request: 0.000026 seconds.
  path: Assets/ADG_Textures/ground_vol1/ground2/ground2.mat
  artifactKey: Guid(88d4b65b6d484a1459f780db4b3edd0d) Importer(815301076,1909f56bfc062723c751e8b465ee728b)
Start importing Assets/ADG_Textures/ground_vol1/ground2/ground2.mat using Guid(88d4b65b6d484a1459f780db4b3edd0d) Importer(815301076,1909f56bfc062723c751e8b465ee728b)  -> (artifact id: 'fed0f30b91f7c198a237a455a3655c82') in 0.060378 seconds 
========================================================================
Received Prepare
Registering precompiled user dll's ...
Registered in 0.004791 seconds.
Begin MonoManager ReloadAssembly
Symbol file LoadedFromMemory doesn't match image D:\Mundos Viurtuais\mundosvirtuais\PGMV\Library\PackageCache\com.unity.visualscripting@1.8.0\Editor\VisualScripting.Core\Dependencies\YamlDotNet\Unity.VisualScripting.YamlDotNet.dll
Symbol file LoadedFromMemory doesn't match image D:\Mundos Viurtuais\mundosvirtuais\PGMV\Library\PackageCache\com.unity.visualscripting@1.8.0\Editor\VisualScripting.Core\Dependencies\DotNetZip\Unity.VisualScripting.IonicZip.dll
Native extension for WindowsStandalone target not found
Refreshing native plugins compatible for Editor in 0.53 ms, found 3 plugins.
Preloading 0 native plugins for Editor in 0.00 ms.
Mono: successfully reloaded assembly
- Completed reload, in  1.140 seconds
Domain Reload Profiling:
	ReloadAssembly (1140ms)
		BeginReloadAssembly (154ms)
			ExecutionOrderSort (0ms)
			DisableScriptedObjects (4ms)
			BackupInstance (0ms)
			ReleaseScriptingObjects (0ms)
			CreateAndSetChildDomain (32ms)
		EndReloadAssembly (881ms)
			LoadAssemblies (128ms)
			RebuildTransferFunctionScriptingTraits (0ms)
			SetupTypeCache (290ms)
			ReleaseScriptCaches (1ms)
			RebuildScriptCaches (47ms)
			SetupLoadedEditorAssemblies (400ms)
				LogAssemblyErrors (0ms)
				InitializePlatformSupportModulesInManaged (12ms)
				SetLoadedEditorAssemblies (0ms)
				RefreshPlugins (1ms)
				BeforeProcessingInitializeOnLoad (68ms)
				ProcessInitializeOnLoadAttributes (296ms)
				ProcessInitializeOnLoadMethodAttributes (19ms)
				AfterProcessingInitializeOnLoad (3ms)
				EditorAssembliesLoaded (0ms)
			ExecutionOrderSort2 (0ms)
			AwakeInstancesAfterBackupRestoration (8ms)
Platform modules already initialized, skipping
Refreshing native plugins compatible for Editor in 1.64 ms, found 3 plugins.
Preloading 0 native plugins for Editor in 0.00 ms.
Unloading 3555 Unused Serialized files (Serialized files now loaded: 0)
Unloading 30 unused Assets / (1.6 MB). Loaded Objects now: 4168.
Memory consumption went from 151.2 MB to 149.6 MB.
Total: 3.211000 ms (FindLiveObjects: 0.281100 ms CreateObjectMapping: 0.175700 ms MarkObjects: 2.444300 ms  DeleteObjects: 0.309000 ms)

AssetImportParameters requested are different than current active one (requested -> active):
  custom:video-decoder-ogg-theora: a1e56fd34408186e4bbccfd4996cb3dc -> 
  custom:container-muxer-webm: aa71ff27fc2769a1b78a27578f13a17b -> 
  custom:container-demuxer-webm: 4f35f7cbe854078d1ac9338744f61a02 -> 
  custom:video-encoder-webm-vp8: eb34c28f22e8b96e1ab97ce403110664 -> 
  custom:video-codec-MediaFoundation-h265: 746d11721c4dcdbdad8f713fa42b33f4 -> 
  custom:audio-encoder-webm-vorbis: bf7c407c2cedff20999df2af8eb42d56 -> 
  custom:framework-win-MediaFoundation: 216162199b28c13a410421893ffa2e32 -> 
  custom:container-demuxer-ogg: 62fdf1f143b41e24485cea50d1cbac27 -> 
  custom:video-decoder-webm-vp8: 9c59270c3fd7afecdb556c50c9e8de78 -> 
  custom:audio-decoder-ogg-vorbis: bf7c407c2cedff20999df2af8eb42d56 -> 
========================================================================
Received Prepare
Registering precompiled user dll's ...
Registered in 0.004755 seconds.
Begin MonoManager ReloadAssembly
Symbol file LoadedFromMemory doesn't match image D:\Mundos Viurtuais\mundosvirtuais\PGMV\Library\PackageCache\com.unity.visualscripting@1.8.0\Editor\VisualScripting.Core\Dependencies\YamlDotNet\Unity.VisualScripting.YamlDotNet.dll
Symbol file LoadedFromMemory doesn't match image D:\Mundos Viurtuais\mundosvirtuais\PGMV\Library\PackageCache\com.unity.visualscripting@1.8.0\Editor\VisualScripting.Core\Dependencies\DotNetZip\Unity.VisualScripting.IonicZip.dll
Native extension for WindowsStandalone target not found
Refreshing native plugins compatible for Editor in 0.57 ms, found 3 plugins.
Preloading 0 native plugins for Editor in 0.00 ms.
Mono: successfully reloaded assembly
- Completed reload, in  1.120 seconds
Domain Reload Profiling:
	ReloadAssembly (1121ms)
		BeginReloadAssembly (139ms)
			ExecutionOrderSort (0ms)
			DisableScriptedObjects (5ms)
			BackupInstance (0ms)
			ReleaseScriptingObjects (0ms)
			CreateAndSetChildDomain (31ms)
		EndReloadAssembly (885ms)
			LoadAssemblies (104ms)
			RebuildTransferFunctionScriptingTraits (0ms)
			SetupTypeCache (294ms)
			ReleaseScriptCaches (1ms)
			RebuildScriptCaches (50ms)
			SetupLoadedEditorAssemblies (409ms)
				LogAssemblyErrors (0ms)
				InitializePlatformSupportModulesInManaged (13ms)
				SetLoadedEditorAssemblies (1ms)
				RefreshPlugins (1ms)
				BeforeProcessingInitializeOnLoad (69ms)
				ProcessInitializeOnLoadAttributes (304ms)
				ProcessInitializeOnLoadMethodAttributes (19ms)
				AfterProcessingInitializeOnLoad (3ms)
				EditorAssembliesLoaded (0ms)
			ExecutionOrderSort2 (0ms)
			AwakeInstancesAfterBackupRestoration (7ms)
Platform modules already initialized, skipping
Refreshing native plugins compatible for Editor in 1.67 ms, found 3 plugins.
Preloading 0 native plugins for Editor in 0.00 ms.
Unloading 3555 Unused Serialized files (Serialized files now loaded: 0)
Unloading 30 unused Assets / (1.6 MB). Loaded Objects now: 4171.
Memory consumption went from 151.2 MB to 149.6 MB.
Total: 2.806300 ms (FindLiveObjects: 0.241200 ms CreateObjectMapping: 0.149400 ms MarkObjects: 2.095500 ms  DeleteObjects: 0.319400 ms)

AssetImportParameters requested are different than current active one (requested -> active):
  custom:video-decoder-ogg-theora: a1e56fd34408186e4bbccfd4996cb3dc -> 
  custom:container-muxer-webm: aa71ff27fc2769a1b78a27578f13a17b -> 
  custom:container-demuxer-webm: 4f35f7cbe854078d1ac9338744f61a02 -> 
  custom:video-encoder-webm-vp8: eb34c28f22e8b96e1ab97ce403110664 -> 
  custom:video-codec-MediaFoundation-h265: 746d11721c4dcdbdad8f713fa42b33f4 -> 
  custom:audio-encoder-webm-vorbis: bf7c407c2cedff20999df2af8eb42d56 -> 
  custom:framework-win-MediaFoundation: 216162199b28c13a410421893ffa2e32 -> 
  custom:container-demuxer-ogg: 62fdf1f143b41e24485cea50d1cbac27 -> 
  custom:video-decoder-webm-vp8: 9c59270c3fd7afecdb556c50c9e8de78 -> 
  custom:audio-decoder-ogg-vorbis: bf7c407c2cedff20999df2af8eb42d56 -> 
